mode: atomic
github.com/iilei/phonid/pkg/config.go:27.35,29.42 2 0
github.com/iilei/phonid/pkg/config.go:29.42,31.3 1 0
github.com/iilei/phonid/pkg/config.go:32.2,32.17 1 0
github.com/iilei/phonid/pkg/config.go:36.66,38.16 2 0
github.com/iilei/phonid/pkg/config.go:38.16,40.3 1 0
github.com/iilei/phonid/pkg/config.go:42.2,42.27 1 0
github.com/iilei/phonid/pkg/config.go:42.27,44.3 1 0
github.com/iilei/phonid/pkg/config.go:46.2,46.39 1 0
github.com/iilei/phonid/pkg/config.go:46.39,48.3 1 0
github.com/iilei/phonid/pkg/config.go:50.2,50.17 1 0
github.com/iilei/phonid/pkg/config.go:57.46,58.25 1 0
github.com/iilei/phonid/pkg/config.go:58.25,59.23 1 0
github.com/iilei/phonid/pkg/config.go:59.23,61.4 1 0
github.com/iilei/phonid/pkg/config.go:62.3,62.32 1 0
github.com/iilei/phonid/pkg/config.go:67.42,68.25 1 0
github.com/iilei/phonid/pkg/config.go:68.25,69.23 1 0
github.com/iilei/phonid/pkg/config.go:69.23,71.4 1 0
github.com/iilei/phonid/pkg/config.go:72.3,72.28 1 0
github.com/iilei/phonid/pkg/config.go:77.41,78.25 1 0
github.com/iilei/phonid/pkg/config.go:78.25,79.23 1 0
github.com/iilei/phonid/pkg/config.go:79.23,81.4 1 0
github.com/iilei/phonid/pkg/config.go:82.3,82.24 1 0
github.com/iilei/phonid/pkg/config.go:87.38,88.25 1 0
github.com/iilei/phonid/pkg/config.go:88.25,90.3 1 0
github.com/iilei/phonid/pkg/config.go:94.55,95.25 1 0
github.com/iilei/phonid/pkg/config.go:95.25,97.3 1 0
github.com/iilei/phonid/pkg/config.go:101.56,102.25 1 0
github.com/iilei/phonid/pkg/config.go:102.25,104.3 1 0
github.com/iilei/phonid/pkg/config.go:108.35,110.22 1 0
github.com/iilei/phonid/pkg/config.go:110.22,111.46 1 0
github.com/iilei/phonid/pkg/config.go:111.46,113.4 1 0
github.com/iilei/phonid/pkg/config.go:117.2,117.42 1 0
github.com/iilei/phonid/pkg/config.go:117.42,119.3 1 0
github.com/iilei/phonid/pkg/config.go:122.2,122.23 1 0
github.com/iilei/phonid/pkg/config.go:122.23,123.53 1 0
github.com/iilei/phonid/pkg/config.go:123.53,125.4 1 0
github.com/iilei/phonid/pkg/config.go:128.2,128.12 1 0
github.com/iilei/phonid/pkg/encode.go:25.73,26.19 1 0
github.com/iilei/phonid/pkg/encode.go:26.19,28.3 1 0
github.com/iilei/phonid/pkg/encode.go:31.2,37.35 4 0
github.com/iilei/phonid/pkg/encode.go:37.35,40.14 3 0
github.com/iilei/phonid/pkg/encode.go:40.14,42.4 1 0
github.com/iilei/phonid/pkg/encode.go:44.3,50.42 2 0
github.com/iilei/phonid/pkg/encode.go:53.2,57.8 1 0
github.com/iilei/phonid/pkg/encode.go:61.65,62.35 1 0
github.com/iilei/phonid/pkg/encode.go:62.35,64.3 1 0
github.com/iilei/phonid/pkg/encode.go:66.2,70.45 3 0
github.com/iilei/phonid/pkg/encode.go:70.45,76.3 4 0
github.com/iilei/phonid/pkg/encode.go:79.2,80.33 2 0
github.com/iilei/phonid/pkg/encode.go:84.63,86.36 2 0
github.com/iilei/phonid/pkg/encode.go:86.36,88.3 1 0
github.com/iilei/phonid/pkg/encode.go:90.2,92.26 2 0
github.com/iilei/phonid/pkg/encode.go:92.26,97.41 3 0
github.com/iilei/phonid/pkg/encode.go:97.41,98.17 1 0
github.com/iilei/phonid/pkg/encode.go:98.17,100.10 2 0
github.com/iilei/phonid/pkg/encode.go:104.3,104.22 1 0
github.com/iilei/phonid/pkg/encode.go:104.22,106.4 1 0
github.com/iilei/phonid/pkg/encode.go:109.3,110.45 2 0
github.com/iilei/phonid/pkg/encode.go:110.45,112.4 1 0
github.com/iilei/phonid/pkg/encode.go:114.3,114.43 1 0
github.com/iilei/phonid/pkg/encode.go:117.2,117.20 1 0
github.com/iilei/phonid/pkg/encode.go:121.45,123.2 1 0
github.com/iilei/phonid/pkg/encode.go:126.37,128.54 2 0
github.com/iilei/phonid/pkg/encode.go:128.54,130.3 1 0
github.com/iilei/phonid/pkg/encode.go:131.2,131.22 1 0
github.com/iilei/phonid/pkg/phonid.go:53.53,56.2 2 0
github.com/iilei/phonid/pkg/phonid.go:74.59,76.19 2 20
github.com/iilei/phonid/pkg/phonid.go:76.19,78.3 1 1
github.com/iilei/phonid/pkg/phonid.go:81.2,81.36 1 19
github.com/iilei/phonid/pkg/phonid.go:81.36,83.3 1 3
github.com/iilei/phonid/pkg/phonid.go:86.2,87.25 2 16
github.com/iilei/phonid/pkg/phonid.go:87.25,89.3 1 4
github.com/iilei/phonid/pkg/phonid.go:92.2,93.28 2 16
github.com/iilei/phonid/pkg/phonid.go:93.28,95.54 2 86
github.com/iilei/phonid/pkg/phonid.go:95.54,97.4 1 1
github.com/iilei/phonid/pkg/phonid.go:98.3,98.35 1 85
github.com/iilei/phonid/pkg/phonid.go:102.2,102.47 1 15
github.com/iilei/phonid/pkg/phonid.go:102.47,104.42 1 34
github.com/iilei/phonid/pkg/phonid.go:104.42,105.12 1 3
github.com/iilei/phonid/pkg/phonid.go:108.3,108.42 1 31
github.com/iilei/phonid/pkg/phonid.go:108.42,111.4 1 1
github.com/iilei/phonid/pkg/phonid.go:113.3,113.27 1 30
github.com/iilei/phonid/pkg/phonid.go:113.27,115.4 1 1
github.com/iilei/phonid/pkg/phonid.go:118.3,118.27 1 29
github.com/iilei/phonid/pkg/phonid.go:118.27,119.23 1 12
github.com/iilei/phonid/pkg/phonid.go:119.23,121.5 1 0
github.com/iilei/phonid/pkg/phonid.go:122.4,122.31 1 12
github.com/iilei/phonid/pkg/phonid.go:122.31,123.27 1 42
github.com/iilei/phonid/pkg/phonid.go:123.27,125.6 1 1
github.com/iilei/phonid/pkg/phonid.go:131.2,132.35 2 12
github.com/iilei/phonid/pkg/phonid.go:132.35,134.3 1 28
github.com/iilei/phonid/pkg/phonid.go:136.2,136.44 1 12
github.com/iilei/phonid/pkg/phonid.go:136.44,137.49 1 26
github.com/iilei/phonid/pkg/phonid.go:137.49,139.54 2 18
github.com/iilei/phonid/pkg/phonid.go:139.54,141.5 1 1
github.com/iilei/phonid/pkg/phonid.go:146.2,147.45 2 11
github.com/iilei/phonid/pkg/phonid.go:147.45,148.27 1 24
github.com/iilei/phonid/pkg/phonid.go:148.27,150.9 2 10
github.com/iilei/phonid/pkg/phonid.go:153.2,153.15 1 11
github.com/iilei/phonid/pkg/phonid.go:153.15,155.3 1 1
github.com/iilei/phonid/pkg/phonid.go:158.2,159.52 2 10
github.com/iilei/phonid/pkg/phonid.go:159.52,162.3 2 23
github.com/iilei/phonid/pkg/phonid.go:164.2,164.30 1 10
github.com/iilei/phonid/pkg/phonid.go:164.30,167.3 1 1
github.com/iilei/phonid/pkg/phonid.go:169.2,169.12 1 9
github.com/iilei/phonid/pkg/phonid.go:173.39,175.26 2 34
github.com/iilei/phonid/pkg/phonid.go:175.26,176.14 1 158
github.com/iilei/phonid/pkg/phonid.go:176.14,178.4 1 2
github.com/iilei/phonid/pkg/phonid.go:179.3,179.17 1 156
github.com/iilei/phonid/pkg/phonid.go:181.2,181.14 1 32
github.com/iilei/phonid/pkg/phonid.go:185.35,187.22 2 23
github.com/iilei/phonid/pkg/phonid.go:187.22,189.3 1 133
github.com/iilei/phonid/pkg/phonid.go:190.2,190.22 1 23
github.com/iilei/phonid/pkg/phonid.go:190.22,191.13 1 77
github.com/iilei/phonid/pkg/phonid.go:191.13,193.4 1 2
github.com/iilei/phonid/pkg/phonid.go:195.2,195.14 1 21
github.com/iilei/phonid/pkg/phonid.go:199.39,200.48 1 25
github.com/iilei/phonid/pkg/phonid.go:200.48,201.24 1 44
github.com/iilei/phonid/pkg/phonid.go:201.24,203.4 1 19
github.com/iilei/phonid/pkg/phonid.go:205.2,205.14 1 6
github.com/iilei/phonid/pkg/phonid.go:210.31,212.22 1 68
github.com/iilei/phonid/pkg/phonid.go:212.22,214.3 1 44
github.com/iilei/phonid/pkg/phonid.go:217.2,220.34 2 24
github.com/iilei/phonid/pkg/phonid.go:220.34,222.36 1 24
github.com/iilei/phonid/pkg/phonid.go:222.36,224.4 1 24
github.com/iilei/phonid/pkg/phonid.go:226.2,226.14 1 0
github.com/iilei/phonid/pkg/rcparse.go:18.59,20.16 2 0
github.com/iilei/phonid/pkg/rcparse.go:20.16,22.3 1 0
github.com/iilei/phonid/pkg/rcparse.go:24.2,24.36 1 0
github.com/iilei/phonid/pkg/rcparse.go:28.59,35.52 4 1
github.com/iilei/phonid/pkg/rcparse.go:35.52,38.3 1 0
github.com/iilei/phonid/pkg/rcparse.go:41.2,46.36 2 1
github.com/iilei/phonid/pkg/rcparse.go:46.36,49.60 2 1
github.com/iilei/phonid/pkg/rcparse.go:49.60,52.26 2 5
github.com/iilei/phonid/pkg/rcparse.go:52.26,54.5 1 0
github.com/iilei/phonid/pkg/rcparse.go:56.4,59.72 2 5
github.com/iilei/phonid/pkg/rcparse.go:59.72,62.5 1 0
github.com/iilei/phonid/pkg/rcparse.go:65.4,65.63 1 5
github.com/iilei/phonid/pkg/rcparse.go:67.8,70.3 1 0
github.com/iilei/phonid/pkg/rcparse.go:71.2,71.20 1 1
github.com/iilei/phonid/pkg/rcparse.go:75.70,76.19 1 0
github.com/iilei/phonid/pkg/rcparse.go:76.19,78.3 1 0
github.com/iilei/phonid/pkg/rcparse.go:80.2,80.30 1 0
github.com/iilei/phonid/pkg/rcparse.go:84.89,86.16 2 0
github.com/iilei/phonid/pkg/rcparse.go:86.16,88.3 1 0
github.com/iilei/phonid/pkg/rcparse.go:90.2,90.55 1 0
github.com/iilei/phonid/pkg/rcparse.go:90.55,92.3 1 0
github.com/iilei/phonid/pkg/rcparse.go:94.2,94.20 1 0
github.com/iilei/phonid/pkg/rcparse.go:98.41,100.39 2 0
github.com/iilei/phonid/pkg/rcparse.go:100.39,102.3 1 0
github.com/iilei/phonid/pkg/rcparse.go:103.2,103.13 1 0
github.com/iilei/phonid/pkg/shuffle.go:17.43,18.41 1 0
github.com/iilei/phonid/pkg/shuffle.go:18.41,20.3 1 0
github.com/iilei/phonid/pkg/shuffle.go:21.2,21.37 1 0
github.com/iilei/phonid/pkg/shuffle.go:21.37,23.3 1 0
github.com/iilei/phonid/pkg/shuffle.go:24.2,24.12 1 0
github.com/iilei/phonid/pkg/shuffle.go:41.86,42.35 1 15
github.com/iilei/phonid/pkg/shuffle.go:42.35,44.3 1 1
github.com/iilei/phonid/pkg/shuffle.go:45.2,45.31 1 14
github.com/iilei/phonid/pkg/shuffle.go:45.31,47.3 1 1
github.com/iilei/phonid/pkg/shuffle.go:49.2,55.30 5 13
github.com/iilei/phonid/pkg/shuffle.go:55.30,60.3 4 54
github.com/iilei/phonid/pkg/shuffle.go:62.2,68.8 1 13
github.com/iilei/phonid/pkg/shuffle.go:72.65,74.23 1 303
github.com/iilei/phonid/pkg/shuffle.go:74.24,76.3 0 17
github.com/iilei/phonid/pkg/shuffle.go:76.8,78.24 2 286
github.com/iilei/phonid/pkg/shuffle.go:78.24,80.4 1 1
github.com/iilei/phonid/pkg/shuffle.go:84.2,88.33 3 302
github.com/iilei/phonid/pkg/shuffle.go:88.33,96.3 4 1229
github.com/iilei/phonid/pkg/shuffle.go:99.2,99.43 1 302
github.com/iilei/phonid/pkg/shuffle.go:103.67,105.23 1 304
github.com/iilei/phonid/pkg/shuffle.go:105.24,107.3 0 17
github.com/iilei/phonid/pkg/shuffle.go:107.8,109.26 2 287
github.com/iilei/phonid/pkg/shuffle.go:109.26,111.4 1 0
github.com/iilei/phonid/pkg/shuffle.go:115.2,119.38 3 304
github.com/iilei/phonid/pkg/shuffle.go:119.38,127.3 4 1237
github.com/iilei/phonid/pkg/shuffle.go:130.2,130.43 1 304
github.com/iilei/phonid/pkg/shuffle.go:134.68,142.2 5 2466
github.com/iilei/phonid/pkg/shuffle.go:145.46,146.23 1 6
github.com/iilei/phonid/pkg/shuffle.go:146.23,148.3 1 1
github.com/iilei/phonid/pkg/shuffle.go:149.2,149.39 1 5
github.com/iilei/phonid/pkg/shuffle.go:153.43,155.2 1 1
github.com/iilei/phonid/pkg/shuffle.go:158.41,160.2 1 1
